<?xml version="1.0" encoding="UTF-8"?>
<testsuite name="com.tavisca.workshop.galaxy.MgttgTest" tests="6" skipped="0" failures="0" errors="0" timestamp="2019-08-14T02:53:55" hostname="RENTLAPT0020" time="0.071">
  <properties/>
  <testcase name="ConversionOfRomanToInteger()" classname="com.tavisca.workshop.galaxy.MgttgTest" time="0.039"/>
  <testcase name="RomanToIntegerSumCalculator()" classname="com.tavisca.workshop.galaxy.MgttgTest" time="0.003"/>
  <testcase name="CanSplitWordsMissingItemsAndCredits()" classname="com.tavisca.workshop.galaxy.MgttgTest" time="0.007"/>
  <testcase name="CanSplitWordAndRoman()" classname="com.tavisca.workshop.galaxy.MgttgTest" time="0.004"/>
  <testcase name="ConversionOfWordToRoman()" classname="com.tavisca.workshop.galaxy.MgttgTest" time="0.005"/>
  <testcase name="CalculatingMissingItemValue()" classname="com.tavisca.workshop.galaxy.MgttgTest" time="0.003"/>
  <system-out><![CDATA[]]></system-out>
  <system-err><![CDATA[]]></system-err>
</testsuite>
